make.exe all --print-data-base --no-builtin-variables --no-builtin-rules --question
_make: *** No rule to make target 'all'.  Stop.

# GNU Make 4.3
# Built for x86_64-pc-msys
# Copyright (C) 1988-2020 Free Software Foundation, Inc.
# License GPLv3+: GNU GPL version 3 or later <http://gnu.org/licenses/gpl.html>
# This is free software: you are free to change and redistribute it.
# There is NO WARRANTY, to the extent permitted by law.

# Make data base, printed on Fri May  6 18:59:13 2022

# Variables

# environment
SYSTEMDRIVE = C:
# environment
LC_ALL = C
# environment
C64FOREVERDATA = C:\Users\Public\Documents\CBM Files\
# environment
USERPROFILE = C:\Users\ian
# environment
LOCALAPPDATA = C:\Users\ian\AppData\Local
# environment
VSCODE_IPC_HOOK_EXTHOST = \\.\pipe\vscode-ipc-e72d03ef-c5ac-4f04-8d47-322a836a7e3b-sock
# environment
VSCODE_CWD = C:\Users\ian\AppData\Local\Programs\Microsoft VS Code
# environment
CHOCOLATEYINSTALL = C:\ProgramData\chocolatey
# environment
SYSTEMROOT = C:\WINDOWS
# environment
PROCESSOR_LEVEL = 6
# environment
PSMODULEPATH = C:\Program Files\WindowsPowerShell\Modules;C:\WINDOWS\system32\WindowsPowerShell\v1.0\Modules
# default
MAKE_COMMAND := /amiga-gcc/bin/_make
# environment
RETROPLATFORMDATA = C:\ProgramData\Cloanto\RetroPlatform\
# environment
GOPATH = C:\Users\ian\go\gopath
# automatic
@D = $(patsubst %/,%,$(dir $@))
# environment
CHROME_CRASHPAD_PIPE_NAME = \\.\pipe\crashpad_14576_UTQWVTOKIFSTYQWP
# environment
VSCODE_HANDLES_UNCAUGHT_ERRORS = true
# default
.VARIABLES := 
# automatic
%D = $(patsubst %/,%,$(dir $%))
# automatic
^D = $(patsubst %/,%,$(dir $^))
# environment
VSCODE_LOG_STACK = false
# automatic
%F = $(notdir $%)
# environment
VSCODE_CODE_CACHE_PATH = C:\Users\ian\AppData\Roaming\Code\CachedData\57fd6d0195bb9b9d1b49f6da5db789060795de47
# environment
LANG = C
# default
.LOADED := 
# environment
TMP = /Users/ian/AppData/Local/Temp
# environment
CONFIGSETROOT = C:\WINDOWS\ConfigSetRoot
# environment
AMIGAFOREVERDATA = C:\Users\Public\Documents\Amiga Files\
# makefile
MAKEFLAGS = pqrR -- $(MAKEOVERRIDES)
# environment
ONEDRIVE = C:\Users\ian\OneDrive
# environment
INTELLIJ IDEA COMMUNITY EDITION = C:\Program Files\JetBrains\IntelliJ IDEA Community Edition 2020.3.1.1\bin;
# makefile
CURDIR := /Users/ian/Desktop/VSCode_projects/Rust/c64_bin_converter
# environment
VSCODE_PIPE_LOGGING = true
# environment
APPLICATION_INSIGHTS_NO_DIAGNOSTIC_CHANNEL = 1
# automatic
*D = $(patsubst %/,%,$(dir $*))
# environment
AMIGAFOREVERROOT = C:\Program Files (x86)\Cloanto\Amiga Forever\
# environment
PROGRAMFILES = C:\Program Files
# environment
MFLAGS = -pqrR
# default
.SHELLFLAGS := -c
# environment
!C: = c:\Users\ian\Desktop\VSCode_projects\Rust\c64_bin_converter
# environment
COMMONPROGRAMW6432 = C:\Program Files\Common Files
# automatic
+D = $(patsubst %/,%,$(dir $+))
# makefile
MAKEFILE_LIST := 
# automatic
@F = $(notdir $@)
# environment
VSCODE_VERBOSE_LOGGING = true
# environment
VSCODE_PID = 14576
# automatic
?D = $(patsubst %/,%,$(dir $?))
# automatic
*F = $(notdir $*)
# automatic
<D = $(patsubst %/,%,$(dir $<))
# environment
PYGLFW_LIBRARY = C:\Users\ian\Downloads\glfw-3.3.3.bin.WIN64\lib-vc2019\glfw3.dll
# environment
VSCODE_NLS_CONFIG = {"locale":"en-gb","availableLanguages":{},"_languagePackSupport":true}
# environment
ONEDRIVECONSUMER = C:\Users\ian\OneDrive
# default
MAKE_HOST := x86_64-pc-msys
# environment
PROGRAMDATA = C:\ProgramData
# command line
SHELL = c:\amiga-gcc\bin\sh.exe
# environment
HOMEPATH = \Users\ian
# default
MAKECMDGOALS := all
# environment
DRIVERDATA = C:\Windows\System32\Drivers\DriverData
# environment
COMSPEC = C:\WINDOWS\system32\cmd.exe
# environment
WINDIR = C:\WINDOWS
# environment
MAKELEVEL := 0
# default
MAKE = $(MAKE_COMMAND)
# environment
PATH = /Python310/Scripts:/Python310:/Program Files/Common Files/Oracle/Java/javapath:/WINDOWS/system32:/WINDOWS:/WINDOWS/System32/Wbem:/WINDOWS/System32/WindowsPowerShell/v1.0:/WINDOWS/System32/OpenSSH:/Program Files/Microsoft SQL Server/130/Tools/Binn:/Program Files/dotnet:/Program Files/Git/cmd:/ProgramData/chocolatey/bin:/TDM-GCC-64/bin:/Program Files/PuTTY:%NVM_HOME%:%NVM_SYMLINK%:/Program Files/Go/bin:/Users/ian/git/emsdk:/Users/ian/git/emsdk/upstream/emscripten:/amiga-gcc/bin:/Users/ian/AppData/Local/Programs/Python/Python38/Scripts:/Users/ian/AppData/Local/Programs/Python/Python38:/Users/ian/AppData/Roaming/Python/Python38/site-packages:/Users/ian/AppData/Local/Programs/Python/Python37-32/Scripts:/Users/ian/AppData/Local/Programs/Python/Python37-32:/Users/ian/.cargo/bin:/Users/ian/AppData/Local/Microsoft/WindowsApps:/Users/ian/AppData/Local/Programs/Microsoft VS Code/bin:/Users/ian/AppData/Local/GitHubDesktop/bin:/Program Files/JetBrains/PyCharm Community Edition 2020.2/bin:/Users/ian/.dotnet/tools:/Program Files/JetBrains/IntelliJ IDEA Community Edition 2020.3.1.1/bin:/sqlite3:/Users/ian/AppData/Local/Microsoft/WindowsApps:/Program Files/JetBrains/PyCharm 2020.3.5/bin:/Users/ian/AppData/Roaming/npm:/Users/ian/AppData/Roaming/nvm:/Program Files/nodejs:/Users/ian/go/bin
# environment
COMPUTERNAME = LAPTOP-3380HDTG
# default
MAKEFILES := 
# automatic
^F = $(notdir $^)
# environment
PYCHARM = C:\Program Files\JetBrains\PyCharm 2020.3.5\bin;
# environment
PROMPT = $P$G
# environment
CHOCOLATEYLASTPATHUPDATE = 132227154108419757
# environment
GOBIN = C:\Users\ian\go\bin\bin
# environment
GOROOT = C:\Program Files\Go
# environment
LOGONSERVER = \\LAPTOP-3380HDTG
# environment
VSCODE_LOG_NATIVE = false
# environment
USERNAME = ian
# environment
COMMONPROGRAMFILES = C:\Program Files\Common Files
# automatic
?F = $(notdir $?)
# environment
PROGRAMW6432 = C:\Program Files
# environment
PATHEXT = .COM;.EXE;.BAT;.CMD;.VBS;.VBE;.JS;.JSE;.WSF;.WSH;.MSC;.PY;.PYW
# automatic
+F = $(notdir $+)
# environment
ORIGINAL_XDG_CURRENT_DESKTOP = undefined
# environment
USERDOMAIN = LAPTOP-3380HDTG
# 'override' directive
GNUMAKEFLAGS := 
# environment
OS = Windows_NT
# environment
CPATH = C:\TDM-GCC-64\x86_64-w64-mingw32\include
# makefile
.DEFAULT_GOAL := 
# environment
C64FOREVERROOT = C:\Program Files (x86)\Cloanto\C64 Forever\
# environment
NVM_HOME = C:\Users\ian\AppData\Roaming\nvm
# default
MAKE_VERSION := 4.3
# environment
PROGRAMFILES(X86) = C:\Program Files (x86)
# environment
MAKEOVERRIDES = ${-*-command-variables-*-}
# environment
USERDOMAIN_ROAMINGPROFILE = LAPTOP-3380HDTG
# environment
NUMBER_OF_PROCESSORS = 8
# environment
PUBLIC = C:\Users\Public
# automatic
-*-command-variables-*- := SHELL=c:\\amiga-gcc\\bin\\sh.exe
# environment
APPDATA = C:\Users\ian\AppData\Roaming
# environment
HOMEDRIVE = C:
# environment
NVM_SYMLINK = C:\Program Files\nodejs
# environment
PROCESSOR_ARCHITECTURE = AMD64
# environment
PYCHARM COMMUNITY EDITION = C:\Program Files\JetBrains\PyCharm Community Edition 2020.2\bin;
# environment
VSCODE_AMD_ENTRYPOINT = vs/workbench/api/node/extensionHostProcess
# environment
HOME = /home/ian
# environment
COMMONPROGRAMFILES(X86) = C:\Program Files (x86)\Common Files
# environment
ELECTRON_RUN_AS_NODE = 1
# environment
TEMP = /Users/ian/AppData/Local/Temp
# environment
VSCODE_IPC_HOOK = \\.\pipe\b2cae8f83cb1e1e03061f199ff4bd801-1.67.0-main-sock
# environment
TERM = xterm-256color
# default
.RECIPEPREFIX := 
# automatic
<F = $(notdir $<)
# default
SUFFIXES := 
# environment
ALLUSERSPROFILE = C:\ProgramData
# environment
SESSIONNAME = Console
# default
.FEATURES := target-specific order-only second-expansion else-if shortest-stem undefine oneshell nocomment grouped-target extra-prereqs archives jobserver output-sync check-symlink load
# environment
PROCESSOR_REVISION = 8e0b
# environment
PROCESSOR_IDENTIFIER = Intel64 Family 6 Model 142 Stepping 11, GenuineIntel
# variable set hash-table stats:
# Load=114/1024=11%, Rehash=0, Collisions=13/136=10%

# Pattern-specific Variable Values

# No pattern-specific variable values.

# Directories

# . (device 474722571, inode 1407374886585767): 12 files, no impossibilities.

# 12 files, no impossibilities in 1 directories.

# Implicit Rules

# No implicit rules.

# Files

# Not a target:
Makefile:
#  Implicit rule search has been done.
#  File does not exist.
#  File has been updated.
#  Failed to be updated.

# Not a target:
.DEFAULT:
#  Implicit rule search has not been done.
#  Modification time never checked.
#  File has not been updated.

# Not a target:
all:
#  Command line target.
#  Implicit rule search has been done.
#  File does not exist.
#  File has not been updated.

# Not a target:
makefile:
#  Implicit rule search has been done.
#  File does not exist.
#  File has been updated.
#  Failed to be updated.

# Not a target:
GNUmakefile:
#  Implicit rule search has been done.
#  File does not exist.
#  File has been updated.
#  Failed to be updated.

# files hash-table stats:
# Load=6/1024=1%, Rehash=0, Collisions=0/15=0%
# VPATH Search Paths

# No 'vpath' search paths.

# No general ('VPATH' variable) search path.

# strcache buffers: 1 (0) / strings = 18 / storage = 147 B / avg = 8 B
# current buf: size = 8162 B / used = 147 B / count = 18 / avg = 8 B

# strcache performance: lookups = 20 / hit rate = 10%
# hash-table stats:
# Load=18/8192=0%, Rehash=0, Collisions=0/20=0%
# Finished Make data base on Fri May  6 18:59:13 2022

 
